
Sun, 11 Oct 2020 22:30:42 +0200 : NO domainId

Sun, 11 Oct 2020 22:30:42 +0200 : NO senderId 

Sun, 11 Oct 2020 22:30:42 +0200 : NO concat 

Sun, 11 Oct 2020 22:30:42 +0200 : NO encoding

Sun, 11 Oct 2020 22:30:43 +0200 : Server Altiria response: OK dest:59165510912


Sun, 11 Oct 2020 22:47:11 +0200 : NO domainId

Sun, 11 Oct 2020 22:47:11 +0200 : NO senderId 

Sun, 11 Oct 2020 22:47:11 +0200 : NO concat 

Sun, 11 Oct 2020 22:47:11 +0200 : NO encoding

Sun, 11 Oct 2020 22:47:12 +0200 : Server Altiria response: OK dest:59160388135


Sun, 11 Oct 2020 22:52:30 +0200 : NO domainId

Sun, 11 Oct 2020 22:52:30 +0200 : NO senderId 

Sun, 11 Oct 2020 22:52:30 +0200 : NO concat 

Sun, 11 Oct 2020 22:52:30 +0200 : NO encoding

Sun, 11 Oct 2020 22:52:31 +0200 : Server Altiria response: OK dest:59160388135


Sun, 11 Oct 2020 23:01:01 +0200 : NO domainId

Sun, 11 Oct 2020 23:01:01 +0200 : NO senderId 

Sun, 11 Oct 2020 23:01:01 +0200 : NO concat 

Sun, 11 Oct 2020 23:01:01 +0200 : NO encoding

Sun, 11 Oct 2020 23:01:02 +0200 : Server Altiria response: OK dest:59160388135


Sun, 11 Oct 2020 23:03:14 +0200 : NO domainId

Sun, 11 Oct 2020 23:03:14 +0200 : NO senderId 

Sun, 11 Oct 2020 23:03:14 +0200 : NO concat 

Sun, 11 Oct 2020 23:03:14 +0200 : NO encoding

Sun, 11 Oct 2020 23:03:15 +0200 : Server Altiria response: OK dest:59160388135


Sun, 11 Oct 2020 23:03:42 +0200 : NO domainId

Sun, 11 Oct 2020 23:03:42 +0200 : NO senderId 

Sun, 11 Oct 2020 23:03:42 +0200 : NO concat 

Sun, 11 Oct 2020 23:03:42 +0200 : NO encoding

Sun, 11 Oct 2020 23:03:43 +0200 : Server Altiria response: OK dest:59160388135


Sun, 11 Oct 2020 23:04:14 +0200 : NO domainId

Sun, 11 Oct 2020 23:04:14 +0200 : NO senderId 

Sun, 11 Oct 2020 23:04:14 +0200 : NO concat 

Sun, 11 Oct 2020 23:04:14 +0200 : NO encoding

Sun, 11 Oct 2020 23:04:15 +0200 : Server Altiria response: OK dest:59160388135


Sun, 11 Oct 2020 23:09:57 +0200 : NO domainId

Sun, 11 Oct 2020 23:09:57 +0200 : NO senderId 

Sun, 11 Oct 2020 23:09:57 +0200 : NO concat 

Sun, 11 Oct 2020 23:09:57 +0200 : NO encoding

Sun, 11 Oct 2020 23:09:58 +0200 : Server Altiria response: OK dest:59160388135


Sun, 11 Oct 2020 23:10:23 +0200 : NO domainId

Sun, 11 Oct 2020 23:10:23 +0200 : NO senderId 

Sun, 11 Oct 2020 23:10:23 +0200 : NO concat 

Sun, 11 Oct 2020 23:10:23 +0200 : NO encoding

Sun, 11 Oct 2020 23:10:24 +0200 : Server Altiria response: OK dest:59160388135


Sun, 11 Oct 2020 23:10:44 +0200 : NO domainId

Sun, 11 Oct 2020 23:10:44 +0200 : NO senderId 

Sun, 11 Oct 2020 23:10:44 +0200 : NO concat 

Sun, 11 Oct 2020 23:10:44 +0200 : NO encoding

Sun, 11 Oct 2020 23:10:45 +0200 : Server Altiria response: OK dest:59160388135


Sun, 11 Oct 2020 23:10:58 +0200 : NO domainId

Sun, 11 Oct 2020 23:10:58 +0200 : NO senderId 

Sun, 11 Oct 2020 23:10:58 +0200 : NO concat 

Sun, 11 Oct 2020 23:10:58 +0200 : NO encoding

Sun, 11 Oct 2020 23:10:59 +0200 : Server Altiria response: OK dest:59160388135


Sun, 11 Oct 2020 23:12:00 +0200 : NO domainId

Sun, 11 Oct 2020 23:12:00 +0200 : NO senderId 

Sun, 11 Oct 2020 23:12:00 +0200 : NO concat 

Sun, 11 Oct 2020 23:12:00 +0200 : NO encoding

Sun, 11 Oct 2020 23:12:01 +0200 : Server Altiria response: OK dest:59160388135


Sun, 11 Oct 2020 23:13:09 +0200 : NO domainId

Sun, 11 Oct 2020 23:13:09 +0200 : NO senderId 

Sun, 11 Oct 2020 23:13:09 +0200 : NO concat 

Sun, 11 Oct 2020 23:13:09 +0200 : NO encoding

Sun, 11 Oct 2020 23:13:10 +0200 : Server Altiria response: OK dest:59160388135


Sun, 11 Oct 2020 23:15:49 +0200 : NO domainId

Sun, 11 Oct 2020 23:15:49 +0200 : NO senderId 

Sun, 11 Oct 2020 23:15:49 +0200 : NO concat 

Sun, 11 Oct 2020 23:15:49 +0200 : NO encoding

Sun, 11 Oct 2020 23:15:51 +0200 : Server Altiria response: OK dest:59160388135


Sun, 11 Oct 2020 23:17:45 +0200 : NO domainId

Sun, 11 Oct 2020 23:17:45 +0200 : NO senderId 

Sun, 11 Oct 2020 23:17:45 +0200 : NO concat 

Sun, 11 Oct 2020 23:17:45 +0200 : NO encoding

Sun, 11 Oct 2020 23:17:45 +0200 : Server Altiria response: OK dest:59160388135


Sun, 11 Oct 2020 23:19:14 +0200 : NO domainId

Sun, 11 Oct 2020 23:19:14 +0200 : NO senderId 

Sun, 11 Oct 2020 23:19:14 +0200 : NO concat 

Sun, 11 Oct 2020 23:19:14 +0200 : NO encoding

Sun, 11 Oct 2020 23:19:16 +0200 : Server Altiria response: OK dest:59160388135


Sun, 11 Oct 2020 23:36:54 +0200 : NO domainId

Sun, 11 Oct 2020 23:36:54 +0200 : NO senderId 

Sun, 11 Oct 2020 23:36:54 +0200 : NO concat 

Sun, 11 Oct 2020 23:36:54 +0200 : NO encoding

Sun, 11 Oct 2020 23:36:54 +0200 : Server Altiria response: OK dest:59160388135


Sun, 11 Oct 2020 23:37:54 +0200 : NO domainId

Sun, 11 Oct 2020 23:37:54 +0200 : NO senderId 

Sun, 11 Oct 2020 23:37:54 +0200 : NO concat 

Sun, 11 Oct 2020 23:37:54 +0200 : NO encoding

Sun, 11 Oct 2020 23:37:55 +0200 : Server Altiria response: OK dest:59160388135


Mon, 12 Oct 2020 00:16:42 +0200 : NO domainId

Mon, 12 Oct 2020 00:16:42 +0200 : NO senderId 

Mon, 12 Oct 2020 00:16:42 +0200 : NO concat 

Mon, 12 Oct 2020 00:16:42 +0200 : NO encoding

Mon, 12 Oct 2020 00:16:44 +0200 : Server Altiria response: OK dest:59160388135


Mon, 12 Oct 2020 00:27:28 +0200 : NO domainId

Mon, 12 Oct 2020 00:27:28 +0200 : NO senderId 

Mon, 12 Oct 2020 00:27:28 +0200 : NO concat 

Mon, 12 Oct 2020 00:27:28 +0200 : NO encoding

Mon, 12 Oct 2020 00:27:29 +0200 : Server Altiria response: ERROR errNum:015

Mon, 12 Oct 2020 00:27:29 +0200 : Error sending SMS: ERROR errNum:015

Mon, 12 Oct 2020 00:28:09 +0200 : NO domainId

Mon, 12 Oct 2020 00:28:09 +0200 : NO senderId 

Mon, 12 Oct 2020 00:28:09 +0200 : NO concat 

Mon, 12 Oct 2020 00:28:09 +0200 : NO encoding

Mon, 12 Oct 2020 00:28:10 +0200 : Server Altiria response: OK dest:59112345678


Mon, 12 Oct 2020 01:22:20 +0200 : NO domainId

Mon, 12 Oct 2020 01:22:20 +0200 : NO senderId 

Mon, 12 Oct 2020 01:22:20 +0200 : NO concat 

Mon, 12 Oct 2020 01:22:20 +0200 : NO encoding

Mon, 12 Oct 2020 01:22:21 +0200 : Server Altiria response: OK dest:59160388135


Mon, 12 Oct 2020 01:30:16 +0200 : NO domainId

Mon, 12 Oct 2020 01:30:16 +0200 : NO senderId 

Mon, 12 Oct 2020 01:30:16 +0200 : NO concat 

Mon, 12 Oct 2020 01:30:16 +0200 : NO encoding

Mon, 12 Oct 2020 01:30:17 +0200 : Server Altiria response: OK dest:59160388135


Mon, 12 Oct 2020 01:32:41 +0200 : NO domainId

Mon, 12 Oct 2020 01:32:41 +0200 : NO senderId 

Mon, 12 Oct 2020 01:32:41 +0200 : NO concat 

Mon, 12 Oct 2020 01:32:41 +0200 : NO encoding

Mon, 12 Oct 2020 01:32:42 +0200 : Server Altiria response: OK dest:59160388135


Fri, 13 Nov 2020 02:32:18 +0000 : NO domainId

Fri, 13 Nov 2020 02:32:18 +0000 : NO senderId 

Fri, 13 Nov 2020 02:32:18 +0000 : NO concat 

Fri, 13 Nov 2020 02:32:18 +0000 : NO encoding

Fri, 13 Nov 2020 02:32:18 +0000 : Server Altiria response: OK dest:59179751575


Tue, 17 Nov 2020 13:45:48 +0000 : NO domainId

Tue, 17 Nov 2020 13:45:48 +0000 : NO senderId 

Tue, 17 Nov 2020 13:45:48 +0000 : NO concat 

Tue, 17 Nov 2020 13:45:48 +0000 : NO encoding

Tue, 17 Nov 2020 13:45:48 +0000 : Server Altiria response: OK dest:59179751575


Tue, 17 Nov 2020 13:51:34 +0000 : NO domainId

Tue, 17 Nov 2020 13:51:34 +0000 : NO senderId 

Tue, 17 Nov 2020 13:51:34 +0000 : NO concat 

Tue, 17 Nov 2020 13:51:34 +0000 : NO encoding

Tue, 17 Nov 2020 13:51:36 +0000 : Server Altiria response: OK dest:59179751575


Tue, 17 Nov 2020 15:37:52 +0000 : NO domainId

Tue, 17 Nov 2020 15:37:52 +0000 : NO senderId 

Tue, 17 Nov 2020 15:37:52 +0000 : NO concat 

Tue, 17 Nov 2020 15:37:52 +0000 : NO encoding

Tue, 17 Nov 2020 15:37:52 +0000 : Server Altiria response: OK dest:5917975157


Wed, 18 Nov 2020 01:27:48 +0000 : NO domainId

Wed, 18 Nov 2020 01:27:48 +0000 : NO senderId 

Wed, 18 Nov 2020 01:27:48 +0000 : NO concat 

Wed, 18 Nov 2020 01:27:48 +0000 : NO encoding

Wed, 18 Nov 2020 01:27:49 +0000 : Server Altiria response: ERROR errNum:020

Wed, 18 Nov 2020 01:27:49 +0000 : Error sending SMS: ERROR errNum:020

Fri, 27 Nov 2020 17:31:07 +0000 : NO domainId

Fri, 27 Nov 2020 17:31:07 +0000 : NO senderId 

Fri, 27 Nov 2020 17:31:07 +0000 : NO concat 

Fri, 27 Nov 2020 17:31:07 +0000 : NO encoding

Fri, 27 Nov 2020 17:31:07 +0000 : Server Altiria response: ERROR errNum:020

Fri, 27 Nov 2020 17:31:07 +0000 : Error sending SMS: ERROR errNum:020

Fri, 27 Nov 2020 17:31:21 +0000 : NO domainId

Fri, 27 Nov 2020 17:31:21 +0000 : NO senderId 

Fri, 27 Nov 2020 17:31:21 +0000 : NO concat 

Fri, 27 Nov 2020 17:31:21 +0000 : NO encoding

Fri, 27 Nov 2020 17:31:21 +0000 : Server Altiria response: ERROR errNum:020

Fri, 27 Nov 2020 17:31:21 +0000 : Error sending SMS: ERROR errNum:020

Fri, 27 Nov 2020 17:31:36 +0000 : NO domainId

Fri, 27 Nov 2020 17:31:36 +0000 : NO senderId 

Fri, 27 Nov 2020 17:31:36 +0000 : NO concat 

Fri, 27 Nov 2020 17:31:36 +0000 : NO encoding

Fri, 27 Nov 2020 17:31:36 +0000 : Server Altiria response: ERROR errNum:020

Fri, 27 Nov 2020 17:31:36 +0000 : Error sending SMS: ERROR errNum:020

Fri, 27 Nov 2020 18:31:36 +0000 : NO domainId

Fri, 27 Nov 2020 18:31:36 +0000 : NO senderId 

Fri, 27 Nov 2020 18:31:36 +0000 : NO concat 

Fri, 27 Nov 2020 18:31:36 +0000 : NO encoding

Fri, 27 Nov 2020 18:31:36 +0000 : Server Altiria response: ERROR errNum:020

Fri, 27 Nov 2020 18:31:36 +0000 : Error sending SMS: ERROR errNum:020

Thu, 03 Dec 2020 20:56:45 +0000 : NO domainId

Thu, 03 Dec 2020 20:56:45 +0000 : NO senderId 

Thu, 03 Dec 2020 20:56:45 +0000 : NO concat 

Thu, 03 Dec 2020 20:56:45 +0000 : NO encoding

Thu, 03 Dec 2020 20:57:32 +0000 : NO domainId

Thu, 03 Dec 2020 20:57:32 +0000 : NO senderId 

Thu, 03 Dec 2020 20:57:32 +0000 : NO concat 

Thu, 03 Dec 2020 20:57:32 +0000 : NO encoding

Thu, 03 Dec 2020 20:57:45 +0000 : Error sending SMS: Connection timed out after 60001 milliseconds(28)

Thu, 03 Dec 2020 20:58:32 +0000 : Error sending SMS: Connection timed out after 60001 milliseconds(28)

Thu, 03 Dec 2020 21:02:16 +0000 : NO domainId

Thu, 03 Dec 2020 21:02:16 +0000 : NO senderId 

Thu, 03 Dec 2020 21:02:16 +0000 : NO concat 

Thu, 03 Dec 2020 21:02:16 +0000 : NO encoding

Thu, 03 Dec 2020 21:02:47 +0000 : Server Altiria response: OK dest:59160388135


Thu, 03 Dec 2020 21:09:15 +0000 : NO domainId

Thu, 03 Dec 2020 21:09:15 +0000 : NO senderId 

Thu, 03 Dec 2020 21:09:15 +0000 : NO concat 

Thu, 03 Dec 2020 21:09:15 +0000 : NO encoding

Thu, 03 Dec 2020 21:09:15 +0000 : Server Altiria response: OK dest:59160388135


Fri, 04 Dec 2020 17:11:22 +0000 : NO domainId

Fri, 04 Dec 2020 17:11:22 +0000 : NO senderId 

Fri, 04 Dec 2020 17:11:22 +0000 : NO concat 

Fri, 04 Dec 2020 17:11:22 +0000 : NO encoding

Fri, 04 Dec 2020 17:11:22 +0000 : Server Altiria response: OK dest:59176914412


Fri, 04 Dec 2020 17:44:05 +0000 : NO domainId

Fri, 04 Dec 2020 17:44:05 +0000 : NO senderId 

Fri, 04 Dec 2020 17:44:05 +0000 : NO concat 

Fri, 04 Dec 2020 17:44:05 +0000 : NO encoding

Fri, 04 Dec 2020 17:44:06 +0000 : Server Altiria response: OK dest:59167402917

